JEGA Genetic Algorithm Optimization Software v2.7.0
Run started Thu Oct 23 22:12:03 2025

Global Log initialized using "normal" as default level.
Global Log logging to file JEGAGlobal.log
Global Log logging to console window
22:12:03: quiet- JEGA Front End: Random seed = 1
22:12:03: quiet- : Matched new set to a group that is not the current group.  Adopting the new group.
22:12:03: quiet- Error encountered while retrieving parameter named "method.max_time" of type "d" from parameter database reading: Parameter not found for tag: method.max_time
JEGA Genetic Algorithm Optimization Software v2.7.0
Run started Thu Oct 23 22:17:22 2025

Global Log initialized using "normal" as default level.
Global Log logging to file JEGAGlobal.log
Global Log logging to console window
22:17:22: quiet- JEGA Front End: Random seed = 1
22:17:22: quiet- : Matched new set to a group that is not the current group.  Adopting the new group.
22:17:22: quiet- Error encountered while retrieving parameter named "method.max_time" of type "d" from parameter database reading: Parameter not found for tag: method.max_time
JEGA Genetic Algorithm Optimization Software v2.7.0
Run started Thu Oct 23 22:24:54 2025

Global Log initialized using "normal" as default level.
Global Log logging to file JEGAGlobal.log
Global Log logging to console window
22:24:54: quiet- JEGA Front End: Random seed = 1
22:24:54: quiet- : Matched new set to a group that is not the current group.  Adopting the new group.
22:24:54: quiet- Error encountered while retrieving parameter named "method.max_time" of type "d" from parameter database reading: Parameter not found for tag: method.max_time
JEGA Genetic Algorithm Optimization Software v2.7.0
Run started Thu Oct 23 22:26:03 2025

Global Log initialized using "normal" as default level.
Global Log logging to file JEGAGlobal.log
Global Log logging to console window
22:26:03: quiet- JEGA Front End: Random seed = 1
22:26:03: quiet- : Matched new set to a group that is not the current group.  Adopting the new group.
22:26:03: quiet- Error encountered while retrieving parameter named "method.max_time" of type "d" from parameter database reading: Parameter not found for tag: method.max_time
JEGA Genetic Algorithm Optimization Software v2.7.0
Run started Thu Oct 23 22:28:39 2025

Global Log initialized using "normal" as default level.
Global Log logging to file JEGAGlobal.log
Global Log logging to console window
22:28:39: quiet- JEGA Front End: Random seed = 1
22:28:39: quiet- : Matched new set to a group that is not the current group.  Adopting the new group.
22:28:39: quiet- Error encountered while retrieving parameter named "method.max_time" of type "d" from parameter database reading: Parameter not found for tag: method.max_time
JEGA Genetic Algorithm Optimization Software v2.7.0
Run started Thu Oct 23 22:30:19 2025

Global Log initialized using "normal" as default level.
Global Log logging to file JEGAGlobal.log
Global Log logging to console window
22:30:19: quiet- JEGA Front End: Random seed = 1
22:30:19: quiet- : Matched new set to a group that is not the current group.  Adopting the new group.
22:30:19: quiet- Error encountered while retrieving parameter named "method.max_time" of type "d" from parameter database reading: Parameter not found for tag: method.max_time
JEGA Genetic Algorithm Optimization Software v2.7.0
Run started Thu Oct 23 22:34:32 2025

Global Log initialized using "normal" as default level.
Global Log logging to file JEGAGlobal.log
Global Log logging to console window
22:34:32: quiet- JEGA Front End: Random seed = 1
22:34:32: quiet- : Matched new set to a group that is not the current group.  Adopting the new group.
22:34:32: quiet- Error encountered while retrieving parameter named "method.max_time" of type "d" from parameter database reading: Parameter not found for tag: method.max_time
JEGA Genetic Algorithm Optimization Software v2.7.0
Run started Thu Oct 23 22:36:00 2025

Global Log initialized using "normal" as default level.
Global Log logging to file JEGAGlobal.log
Global Log logging to console window
22:36:00: quiet- JEGA Front End: Random seed = 1
22:36:00: quiet- : Matched new set to a group that is not the current group.  Adopting the new group.
22:36:00: quiet- Error encountered while retrieving parameter named "method.max_time" of type "d" from parameter database reading: Parameter not found for tag: method.max_time
JEGA Genetic Algorithm Optimization Software v2.7.0
Run started Thu Oct 23 22:43:22 2025

Global Log initialized using "normal" as default level.
Global Log logging to file JEGAGlobal.log
Global Log logging to console window
22:43:22: quiet- JEGA Front End: Random seed = 1
22:43:22: quiet- : Matched new set to a group that is not the current group.  Adopting the new group.
22:43:22: quiet- Error encountered while retrieving parameter named "method.max_time" of type "d" from parameter database reading: Parameter not found for tag: method.max_time
JEGA Genetic Algorithm Optimization Software v2.7.0
Run started Thu Oct 23 22:51:51 2025

Global Log initialized using "normal" as default level.
Global Log logging to file JEGAGlobal.log
Global Log logging to console window
22:51:51: quiet- JEGA Front End: Random seed = 1
22:51:51: quiet- : Matched new set to a group that is not the current group.  Adopting the new group.
22:51:51: quiet- Error encountered while retrieving parameter named "method.max_time" of type "d" from parameter database reading: Parameter not found for tag: method.max_time
JEGA Genetic Algorithm Optimization Software v2.7.0
Run started Thu Oct 23 23:15:35 2025

Global Log initialized using "normal" as default level.
Global Log logging to file JEGAGlobal.log
Global Log logging to console window
23:15:35: quiet- JEGA Front End: Random seed = 1
23:15:35: quiet- : Matched new set to a group that is not the current group.  Adopting the new group.
23:15:35: quiet- Error encountered while retrieving parameter named "method.max_time" of type "d" from parameter database reading: Parameter not found for tag: method.max_time
JEGA Genetic Algorithm Optimization Software v2.7.0
Run started Thu Oct 23 23:19:49 2025

Global Log initialized using "normal" as default level.
Global Log logging to file JEGAGlobal.log
Global Log logging to console window
23:19:49: quiet- JEGA Front End: Random seed = 1
23:19:49: quiet- : Matched new set to a group that is not the current group.  Adopting the new group.
23:19:49: quiet- Error encountered while retrieving parameter named "method.max_time" of type "d" from parameter database reading: Parameter not found for tag: method.max_time
JEGA Genetic Algorithm Optimization Software v2.7.0
Run started Thu Oct 23 23:21:12 2025

Global Log initialized using "normal" as default level.
Global Log logging to file JEGAGlobal.log
Global Log logging to console window
23:21:12: quiet- JEGA Front End: Random seed = 1
23:21:12: quiet- : Matched new set to a group that is not the current group.  Adopting the new group.
23:21:12: quiet- Error encountered while retrieving parameter named "method.max_time" of type "d" from parameter database reading: Parameter not found for tag: method.max_time
JEGA Genetic Algorithm Optimization Software v2.7.0
Run started Thu Oct 23 23:22:27 2025

Global Log initialized using "normal" as default level.
Global Log logging to file JEGAGlobal.log
Global Log logging to console window
23:22:27: quiet- JEGA Front End: Random seed = 1
23:22:27: quiet- : Matched new set to a group that is not the current group.  Adopting the new group.
23:22:27: quiet- Error encountered while retrieving parameter named "method.max_time" of type "d" from parameter database reading: Parameter not found for tag: method.max_time
JEGA Genetic Algorithm Optimization Software v2.7.0
Run started Thu Oct 23 23:23:34 2025

Global Log initialized using "normal" as default level.
Global Log logging to file JEGAGlobal.log
Global Log logging to console window
23:23:34: quiet- JEGA Front End: Random seed = 1
23:23:34: quiet- : Matched new set to a group that is not the current group.  Adopting the new group.
23:23:34: quiet- Error encountered while retrieving parameter named "method.max_time" of type "d" from parameter database reading: Parameter not found for tag: method.max_time
JEGA Genetic Algorithm Optimization Software v2.7.0
Run started Thu Oct 23 23:24:10 2025

Global Log initialized using "normal" as default level.
Global Log logging to file JEGAGlobal.log
Global Log logging to console window
23:24:10: quiet- JEGA Front End: Random seed = 1
23:24:10: quiet- : Matched new set to a group that is not the current group.  Adopting the new group.
23:24:10: quiet- Error encountered while retrieving parameter named "method.max_time" of type "d" from parameter database reading: Parameter not found for tag: method.max_time
JEGA Genetic Algorithm Optimization Software v2.7.0
Run started Thu Oct 23 23:26:45 2025

Global Log initialized using "normal" as default level.
Global Log logging to file JEGAGlobal.log
Global Log logging to console window
23:26:45: quiet- JEGA Front End: Random seed = 1
23:26:45: quiet- : Matched new set to a group that is not the current group.  Adopting the new group.
23:26:45: quiet- Error encountered while retrieving parameter named "method.max_time" of type "d" from parameter database reading: Parameter not found for tag: method.max_time
JEGA Genetic Algorithm Optimization Software v2.7.0
Run started Thu Oct 23 23:27:56 2025

Global Log initialized using "normal" as default level.
Global Log logging to file JEGAGlobal.log
Global Log logging to console window
23:27:56: quiet- JEGA Front End: Random seed = 1
23:27:56: quiet- : Matched new set to a group that is not the current group.  Adopting the new group.
23:27:56: quiet- Error encountered while retrieving parameter named "method.max_time" of type "d" from parameter database reading: Parameter not found for tag: method.max_time
JEGA Genetic Algorithm Optimization Software v2.7.0
Run started Thu Oct 23 23:36:23 2025

Global Log initialized using "normal" as default level.
Global Log logging to file JEGAGlobal.log
Global Log logging to console window
23:36:23: quiet- JEGA Front End: Random seed = 1
23:36:23: quiet- : Matched new set to a group that is not the current group.  Adopting the new group.
23:36:23: quiet- Error encountered while retrieving parameter named "method.max_time" of type "d" from parameter database reading: Parameter not found for tag: method.max_time
JEGA Genetic Algorithm Optimization Software v2.7.0
Run started Thu Oct 23 23:47:00 2025

Global Log initialized using "normal" as default level.
Global Log logging to file JEGAGlobal.log
Global Log logging to console window
23:47:00: quiet- JEGA Front End: Random seed = 1
23:47:00: quiet- : Matched new set to a group that is not the current group.  Adopting the new group.
23:47:00: quiet- Error encountered while retrieving parameter named "method.max_time" of type "d" from parameter database reading: Parameter not found for tag: method.max_time
01:18:00: quiet- duplicate_free: 1 generation so far.
01:18:00: quiet- duplicate_free: 10 evaluations so far.
01:54:29: quiet- duplicate_free: 2 generations so far.
01:54:29: quiet- duplicate_free: 19 evaluations so far.
03:25:59: quiet- duplicate_free: 3 generations so far.
03:25:59: quiet- duplicate_free: 33 evaluations so far.
04:37:09: quiet- duplicate_free: Errors were encountered while evaluating the offspring designs
04:37:09: quiet- NO_METHOD_ID: Design Variable Values for Ill-conditioned Designs:
0.15875 0.169431 0.883792 0.798968 0.313333 0.352429 -39.3583 0.998639 -0.135374 0.20631
0.162756 0.169431 0.741169 0.841253 0.610042 0.352429 -38.7021 0.95544 -0.135374 0.294933
0.20948 0.19442 0.832031 0.864023 0.763361 0.333034 -37.7103 0.994669 -0.124373 0.268667
0.277871 0.169431 0.883792 0.688809 0.610042 0.352429 -38.7021 0.95544 -0.135374 0.277136
0.287376 0.121842 0.820069 0.857603 0.451648 0.340094 -31.9228 0.95544 -0.124373 0.266772
0.287376 0.121842 0.897191 0.841253 0.451648 0.392397 -36.0156 0.990738 -0.124373 0.266772
0.287376 0.156284 0.820069 0.857603 0.225343 0.392397 -36.0156 0.990738 -0.124373 0.266772

04:37:09: quiet- duplicate_free: encountered and flushed 7 ill-conditioned designs after evaluation of children.
04:37:09: quiet- duplicate_free: 4 generations so far.
04:37:09: quiet- duplicate_free: 50 evaluations so far.
04:37:09: quiet- NO_METHOD_ID: Ran 4 total generations.
04:37:09: quiet- NO_METHOD_ID: Final population size = 50
04:37:09: quiet- JEGA Front End: NO_METHOD_ID execution took 0.3954 seconds.
04:37:09: quiet- JEGA Front End: Execution took 0.3954 seconds.
04:37:09: quiet- NO_METHOD_ID: find optimum completed and all results have been passed back to DAKOTA.


JEGA Genetic Algorithm Optimization Software v2.7.0
Run started Fri Oct 24 08:50:45 2025

Global Log initialized using "normal" as default level.
Global Log logging to file JEGAGlobal.log
Global Log logging to console window
08:50:45: quiet- JEGA Front End: Random seed = 1
08:50:45: quiet- : Matched new set to a group that is not the current group.  Adopting the new group.
08:50:45: quiet- Error encountered while retrieving parameter named "method.max_time" of type "d" from parameter database reading: Parameter not found for tag: method.max_time
JEGA Genetic Algorithm Optimization Software v2.7.0
Run started Fri Oct 24 09:37:15 2025

Global Log initialized using "normal" as default level.
Global Log logging to file JEGAGlobal.log
Global Log logging to console window
09:37:15: quiet- JEGA Front End: Random seed = 1
09:37:15: quiet- : Matched new set to a group that is not the current group.  Adopting the new group.
09:37:15: quiet- Error encountered while retrieving parameter named "method.max_time" of type "d" from parameter database reading: Parameter not found for tag: method.max_time
JEGA Genetic Algorithm Optimization Software v2.7.0
Run started Fri Oct 24 09:43:33 2025

Global Log initialized using "normal" as default level.
Global Log logging to file JEGAGlobal.log
Global Log logging to console window
09:43:33: quiet- JEGA Front End: Random seed = 1
09:43:33: quiet- : Matched new set to a group that is not the current group.  Adopting the new group.
09:43:33: quiet- Error encountered while retrieving parameter named "method.max_time" of type "d" from parameter database reading: Parameter not found for tag: method.max_time
11:21:13: quiet- duplicate_free: 1 generation so far.
11:21:13: quiet- duplicate_free: 10 evaluations so far.
12:48:33: quiet- duplicate_free: 2 generations so far.
12:48:33: quiet- duplicate_free: 17 evaluations so far.
